# JRE version: OpenJDK Runtime Environment (7.0_79-b14) (build 1.7.0_79-b14)
# Java VM: OpenJDK 64-Bit Server VM (24.79-b02 mixed mode linux-amd64 compressed oops)
Heap
 PSYoungGen      total 66048K, used 2544K [0x00000000eba80000, 0x00000000efd80000, 0x0000000100000000)
  eden space 63488K, 0% used [0x00000000eba80000,0x00000000eba80000,0x00000000ef880000)
  from space 2560K, 99% used [0x00000000ef880000,0x00000000efafc030,0x00000000efb00000)
  to   space 2560K, 0% used [0x00000000efb00000,0x00000000efb00000,0x00000000efd80000)
 ParOldGen       total 41472K, used 16578K [0x00000000c3000000, 0x00000000c5880000, 0x00000000eba80000)
  object space 41472K, 39% used [0x00000000c3000000,0x00000000c40309e0,0x00000000c5880000)
 PSPermGen       total 21504K, used 16781K [0x00000000b8a00000, 0x00000000b9f00000, 0x00000000c3000000)
  object space 21504K, 78% used [0x00000000b8a00000,0x00000000b9a635c8,0x00000000b9f00000)
GC Heap History (9 events):
Event: 2,455 GC heap before
{Heap before GC invocations=1 (full 0):
 PSYoungGen      total 18432K, used 15872K [0x00000000eba80000, 0x00000000ecf00000, 0x0000000100000000)
  eden space 15872K, 100% used [0x00000000eba80000,0x00000000eca00000,0x00000000eca00000)
  from space 2560K, 0% used [0x00000000ecc80000,0x00000000ecc80000,0x00000000ecf00000)
  to   space 2560K, 0% used [0x00000000eca00000,0x00000000eca00000,0x00000000ecc80000)
 ParOldGen       total 41472K, used 0K [0x00000000c3000000, 0x00000000c5880000, 0x00000000eba80000)
  object space 41472K, 0% used [0x00000000c3000000,0x00000000c3000000,0x00000000c5880000)
 PSPermGen       total 21504K, used 5343K [0x00000000b8a00000, 0x00000000b9f00000, 0x00000000c3000000)
  object space 21504K, 24% used [0x00000000b8a00000,0x00000000b8f37f30,0x00000000b9f00000)
Event: 2,536 GC heap after
Heap after GC invocations=1 (full 0):
 PSYoungGen      total 18432K, used 2547K [0x00000000eba80000, 0x00000000ede80000, 0x0000000100000000)
  eden space 15872K, 0% used [0x00000000eba80000,0x00000000eba80000,0x00000000eca00000)
  from space 2560K, 99% used [0x00000000eca00000,0x00000000ecc7ce28,0x00000000ecc80000)
  to   space 2560K, 0% used [0x00000000edc00000,0x00000000edc00000,0x00000000ede80000)
 ParOldGen       total 41472K, used 230K [0x00000000c3000000, 0x00000000c5880000, 0x00000000eba80000)
  object space 41472K, 0% used [0x00000000c3000000,0x00000000c30399a8,0x00000000c5880000)
 PSPermGen       total 21504K, used 5343K [0x00000000b8a00000, 0x00000000b9f00000, 0x00000000c3000000)
  object space 21504K, 24% used [0x00000000b8a00000,0x00000000b8f37f30,0x00000000b9f00000)
}
Event: 4,990 GC heap before
{Heap before GC invocations=2 (full 0):
 PSYoungGen      total 18432K, used 18309K [0x00000000eba80000, 0x00000000ede80000, 0x0000000100000000)
  eden space 15872K, 99% used [0x00000000eba80000,0x00000000ec9e4740,0x00000000eca00000)
  from space 2560K, 99% used [0x00000000eca00000,0x00000000ecc7ce28,0x00000000ecc80000)
  to   space 2560K, 0% used [0x00000000edc00000,0x00000000edc00000,0x00000000ede80000)
 ParOldGen       total 41472K, used 230K [0x00000000c3000000, 0x00000000c5880000, 0x00000000eba80000)
  object space 41472K, 0% used [0x00000000c3000000,0x00000000c30399a8,0x00000000c5880000)
 PSPermGen       total 21504K, used 10832K [0x00000000b8a00000, 0x00000000b9f00000, 0x00000000c3000000)
  object space 21504K, 50% used [0x00000000b8a00000,0x00000000b9494048,0x00000000b9f00000)
Event: 4,999 GC heap after
Heap after GC invocations=2 (full 0):
 PSYoungGen      total 34304K, used 2542K [0x00000000eba80000, 0x00000000ede80000, 0x0000000100000000)
  eden space 31744K, 0% used [0x00000000eba80000,0x00000000eba80000,0x00000000ed980000)
  from space 2560K, 99% used [0x00000000edc00000,0x00000000ede7bb60,0x00000000ede80000)
  to   space 2560K, 0% used [0x00000000ed980000,0x00000000ed980000,0x00000000edc00000)
 ParOldGen       total 41472K, used 2030K [0x00000000c3000000, 0x00000000c5880000, 0x00000000eba80000)
  object space 41472K, 4% used [0x00000000c3000000,0x00000000c31fba70,0x00000000c5880000)
 PSPermGen       total 21504K, used 10832K [0x00000000b8a00000, 0x00000000b9f00000, 0x00000000c3000000)
  object space 21504K, 50% used [0x00000000b8a00000,0x00000000b9494048,0x00000000b9f00000)
}
Event: 6,198 GC heap before
{Heap before GC invocations=3 (full 0):
 PSYoungGen      total 34304K, used 34286K [0x00000000eba80000, 0x00000000ede80000, 0x0000000100000000)
  eden space 31744K, 100% used [0x00000000eba80000,0x00000000ed980000,0x00000000ed980000)
  from space 2560K, 99% used [0x00000000edc00000,0x00000000ede7bb60,0x00000000ede80000)
  to   space 2560K, 0% used [0x00000000ed980000,0x00000000ed980000,0x00000000edc00000)
 ParOldGen       total 41472K, used 2030K [0x00000000c3000000, 0x00000000c5880000, 0x00000000eba80000)
  object space 41472K, 4% used [0x00000000c3000000,0x00000000c31fba70,0x00000000c5880000)
 PSPermGen       total 21504K, used 13340K [0x00000000b8a00000, 0x00000000b9f00000, 0x00000000c3000000)
  object space 21504K, 62% used [0x00000000b8a00000,0x00000000b9707328,0x00000000b9f00000)
Event: 6,211 GC heap after
Heap after GC invocations=3 (full 0):
 PSYoungGen      total 34304K, used 2544K [0x00000000eba80000, 0x00000000efd80000, 0x0000000100000000)
  eden space 31744K, 0% used [0x00000000eba80000,0x00000000eba80000,0x00000000ed980000)
  from space 2560K, 99% used [0x00000000ed980000,0x00000000edbfc010,0x00000000edc00000)
  to   space 2560K, 0% used [0x00000000efb00000,0x00000000efb00000,0x00000000efd80000)
 ParOldGen       total 41472K, used 6464K [0x00000000c3000000, 0x00000000c5880000, 0x00000000eba80000)
  object space 41472K, 15% used [0x00000000c3000000,0x00000000c3650050,0x00000000c5880000)
 PSPermGen       total 21504K, used 13340K [0x00000000b8a00000, 0x00000000b9f00000, 0x00000000c3000000)
  object space 21504K, 62% used [0x00000000b8a00000,0x00000000b9707328,0x00000000b9f00000)
}
Event: 6,900 GC heap before
{Heap before GC invocations=4 (full 0):
 PSYoungGen      total 34304K, used 34288K [0x00000000eba80000, 0x00000000efd80000, 0x0000000100000000)
  eden space 31744K, 100% used [0x00000000eba80000,0x00000000ed980000,0x00000000ed980000)
  from space 2560K, 99% used [0x00000000ed980000,0x00000000edbfc010,0x00000000edc00000)
  to   space 2560K, 0% used [0x00000000efb00000,0x00000000efb00000,0x00000000efd80000)
 ParOldGen       total 41472K, used 6464K [0x00000000c3000000, 0x00000000c5880000, 0x00000000eba80000)
  object space 41472K, 15% used [0x00000000c3000000,0x00000000c3650050,0x00000000c5880000)
 PSPermGen       total 21504K, used 14578K [0x00000000b8a00000, 0x00000000b9f00000, 0x00000000c3000000)
  object space 21504K, 67% used [0x00000000b8a00000,0x00000000b983c920,0x00000000b9f00000)
Event: 6,909 GC heap after
Heap after GC invocations=4 (full 0):
 PSYoungGen      total 66048K, used 2528K [0x00000000eba80000, 0x00000000efd80000, 0x0000000100000000)
  eden space 63488K, 0% used [0x00000000eba80000,0x00000000eba80000,0x00000000ef880000)
  from space 2560K, 98% used [0x00000000efb00000,0x00000000efd78040,0x00000000efd80000)
  to   space 2560K, 0% used [0x00000000ef880000,0x00000000ef880000,0x00000000efb00000)
 ParOldGen       total 41472K, used 10219K [0x00000000c3000000, 0x00000000c5880000, 0x00000000eba80000)
  object space 41472K, 24% used [0x00000000c3000000,0x00000000c39faef8,0x00000000c5880000)
 PSPermGen       total 21504K, used 14578K [0x00000000b8a00000, 0x00000000b9f00000, 0x00000000c3000000)
  object space 21504K, 67% used [0x00000000b8a00000,0x00000000b983c920,0x00000000b9f00000)
}
Event: 62,833 GC heap before
{Heap before GC invocations=5 (full 0):
 PSYoungGen      total 66048K, used 66016K [0x00000000eba80000, 0x00000000efd80000, 0x0000000100000000)
  eden space 63488K, 100% used [0x00000000eba80000,0x00000000ef880000,0x00000000ef880000)
  from space 2560K, 98% used [0x00000000efb00000,0x00000000efd78040,0x00000000efd80000)
  to   space 2560K, 0% used [0x00000000ef880000,0x00000000ef880000,0x00000000efb00000)
 ParOldGen       total 41472K, used 10219K [0x00000000c3000000, 0x00000000c5880000, 0x00000000eba80000)
  object space 41472K, 24% used [0x00000000c3000000,0x00000000c39faef8,0x00000000c5880000)
 PSPermGen       total 21504K, used 16781K [0x00000000b8a00000, 0x00000000b9f00000, 0x00000000c3000000)
  object space 21504K, 78% used [0x00000000b8a00000,0x00000000b9a635c8,0x00000000b9f00000)

