# JRE version: OpenJDK Runtime Environment (7.0_79-b14) (build 1.7.0_79-b14)
# Java VM: OpenJDK 64-Bit Server VM (24.79-b02 mixed mode linux-amd64 compressed oops)
Heap
 PSYoungGen      total 69120K, used 5607K [0x00000000eba80000, 0x00000000f0380000, 0x0000000100000000)
  eden space 63488K, 0% used [0x00000000eba80000,0x00000000eba80000,0x00000000ef880000)
  from space 5632K, 99% used [0x00000000ef880000,0x00000000efdf9cb0,0x00000000efe00000)
  to   space 5632K, 0% used [0x00000000efe00000,0x00000000efe00000,0x00000000f0380000)
 ParOldGen       total 41472K, used 12789K [0x00000000c3000000, 0x00000000c5880000, 0x00000000eba80000)
  object space 41472K, 30% used [0x00000000c3000000,0x00000000c3c7d730,0x00000000c5880000)
 PSPermGen       total 21504K, used 17462K [0x00000000b8a00000, 0x00000000b9f00000, 0x00000000c3000000)
  object space 21504K, 81% used [0x00000000b8a00000,0x00000000b9b0d988,0x00000000b9f00000)
GC Heap History (10 events):
Event: 5,785 GC heap after
Heap after GC invocations=4 (full 0):
 PSYoungGen      total 18432K, used 2528K [0x00000000eba80000, 0x00000000ede80000, 0x0000000100000000)
  eden space 15872K, 0% used [0x00000000eba80000,0x00000000eba80000,0x00000000eca00000)
  from space 2560K, 98% used [0x00000000ecc80000,0x00000000ecef8020,0x00000000ecf00000)
  to   space 2560K, 0% used [0x00000000eca00000,0x00000000eca00000,0x00000000ecc80000)
 ParOldGen       total 41472K, used 7091K [0x00000000c3000000, 0x00000000c5880000, 0x00000000eba80000)
  object space 41472K, 17% used [0x00000000c3000000,0x00000000c36ecd18,0x00000000c5880000)
 PSPermGen       total 21504K, used 13280K [0x00000000b8a00000, 0x00000000b9f00000, 0x00000000c3000000)
  object space 21504K, 61% used [0x00000000b8a00000,0x00000000b96f82b8,0x00000000b9f00000)
}
Event: 6,068 GC heap before
{Heap before GC invocations=5 (full 0):
 PSYoungGen      total 18432K, used 18400K [0x00000000eba80000, 0x00000000ede80000, 0x0000000100000000)
  eden space 15872K, 100% used [0x00000000eba80000,0x00000000eca00000,0x00000000eca00000)
  from space 2560K, 98% used [0x00000000ecc80000,0x00000000ecef8020,0x00000000ecf00000)
  to   space 2560K, 0% used [0x00000000eca00000,0x00000000eca00000,0x00000000ecc80000)
 ParOldGen       total 41472K, used 7091K [0x00000000c3000000, 0x00000000c5880000, 0x00000000eba80000)
  object space 41472K, 17% used [0x00000000c3000000,0x00000000c36ecd18,0x00000000c5880000)
 PSPermGen       total 21504K, used 13358K [0x00000000b8a00000, 0x00000000b9f00000, 0x00000000c3000000)
  object space 21504K, 62% used [0x00000000b8a00000,0x00000000b970bbc0,0x00000000b9f00000)
Event: 6,076 GC heap after
Heap after GC invocations=5 (full 0):
 PSYoungGen      total 18432K, used 2544K [0x00000000eba80000, 0x00000000ee580000, 0x0000000100000000)
  eden space 15872K, 0% used [0x00000000eba80000,0x00000000eba80000,0x00000000eca00000)
  from space 2560K, 99% used [0x00000000eca00000,0x00000000ecc7c030,0x00000000ecc80000)
  to   space 6144K, 0% used [0x00000000edf80000,0x00000000edf80000,0x00000000ee580000)
 ParOldGen       total 41472K, used 8683K [0x00000000c3000000, 0x00000000c5880000, 0x00000000eba80000)
  object space 41472K, 20% used [0x00000000c3000000,0x00000000c387ad28,0x00000000c5880000)
 PSPermGen       total 21504K, used 13358K [0x00000000b8a00000, 0x00000000b9f00000, 0x00000000c3000000)
  object space 21504K, 62% used [0x00000000b8a00000,0x00000000b970bbc0,0x00000000b9f00000)
}
Event: 6,308 GC heap before
{Heap before GC invocations=6 (full 0):
 PSYoungGen      total 18432K, used 18416K [0x00000000eba80000, 0x00000000ee580000, 0x0000000100000000)
  eden space 15872K, 100% used [0x00000000eba80000,0x00000000eca00000,0x00000000eca00000)
  from space 2560K, 99% used [0x00000000eca00000,0x00000000ecc7c030,0x00000000ecc80000)
  to   space 6144K, 0% used [0x00000000edf80000,0x00000000edf80000,0x00000000ee580000)
 ParOldGen       total 41472K, used 8683K [0x00000000c3000000, 0x00000000c5880000, 0x00000000eba80000)
  object space 41472K, 20% used [0x00000000c3000000,0x00000000c387ad28,0x00000000c5880000)
 PSPermGen       total 21504K, used 13497K [0x00000000b8a00000, 0x00000000b9f00000, 0x00000000c3000000)
  object space 21504K, 62% used [0x00000000b8a00000,0x00000000b972e700,0x00000000b9f00000)
Event: 6,316 GC heap after
Heap after GC invocations=6 (full 0):
 PSYoungGen      total 37888K, used 4449K [0x00000000eba80000, 0x00000000ee580000, 0x0000000100000000)
  eden space 31744K, 0% used [0x00000000eba80000,0x00000000eba80000,0x00000000ed980000)
  from space 6144K, 72% used [0x00000000edf80000,0x00000000ee3d87f0,0x00000000ee580000)
  to   space 6144K, 0% used [0x00000000ed980000,0x00000000ed980000,0x00000000edf80000)
 ParOldGen       total 41472K, used 8683K [0x00000000c3000000, 0x00000000c5880000, 0x00000000eba80000)
  object space 41472K, 20% used [0x00000000c3000000,0x00000000c387ad28,0x00000000c5880000)
 PSPermGen       total 21504K, used 13497K [0x00000000b8a00000, 0x00000000b9f00000, 0x00000000c3000000)
  object space 21504K, 62% used [0x00000000b8a00000,0x00000000b972e700,0x00000000b9f00000)
}
Event: 6,638 GC heap before
{Heap before GC invocations=7 (full 0):
 PSYoungGen      total 37888K, used 36193K [0x00000000eba80000, 0x00000000ee580000, 0x0000000100000000)
  eden space 31744K, 100% used [0x00000000eba80000,0x00000000ed980000,0x00000000ed980000)
  from space 6144K, 72% used [0x00000000edf80000,0x00000000ee3d87f0,0x00000000ee580000)
  to   space 6144K, 0% used [0x00000000ed980000,0x00000000ed980000,0x00000000edf80000)
 ParOldGen       total 41472K, used 8683K [0x00000000c3000000, 0x00000000c5880000, 0x00000000eba80000)
  object space 41472K, 20% used [0x00000000c3000000,0x00000000c387ad28,0x00000000c5880000)
 PSPermGen       total 21504K, used 13699K [0x00000000b8a00000, 0x00000000b9f00000, 0x00000000c3000000)
  object space 21504K, 63% used [0x00000000b8a00000,0x00000000b9760d28,0x00000000b9f00000)
Event: 6,649 GC heap after
Heap after GC invocations=7 (full 0):
 PSYoungGen      total 37888K, used 4522K [0x00000000eba80000, 0x00000000f0380000, 0x0000000100000000)
  eden space 31744K, 0% used [0x00000000eba80000,0x00000000eba80000,0x00000000ed980000)
  from space 6144K, 73% used [0x00000000ed980000,0x00000000eddea820,0x00000000edf80000)
  to   space 5632K, 0% used [0x00000000efe00000,0x00000000efe00000,0x00000000f0380000)
 ParOldGen       total 41472K, used 10198K [0x00000000c3000000, 0x00000000c5880000, 0x00000000eba80000)
  object space 41472K, 24% used [0x00000000c3000000,0x00000000c39f5a58,0x00000000c5880000)
 PSPermGen       total 21504K, used 13699K [0x00000000b8a00000, 0x00000000b9f00000, 0x00000000c3000000)
  object space 21504K, 63% used [0x00000000b8a00000,0x00000000b9760d28,0x00000000b9f00000)
}
Event: 7,494 GC heap before
{Heap before GC invocations=8 (full 0):
 PSYoungGen      total 37888K, used 36266K [0x00000000eba80000, 0x00000000f0380000, 0x0000000100000000)
  eden space 31744K, 100% used [0x00000000eba80000,0x00000000ed980000,0x00000000ed980000)
  from space 6144K, 73% used [0x00000000ed980000,0x00000000eddea820,0x00000000edf80000)
  to   space 5632K, 0% used [0x00000000efe00000,0x00000000efe00000,0x00000000f0380000)
 ParOldGen       total 41472K, used 10198K [0x00000000c3000000, 0x00000000c5880000, 0x00000000eba80000)
  object space 41472K, 24% used [0x00000000c3000000,0x00000000c39f5a58,0x00000000c5880000)
 PSPermGen       total 21504K, used 14703K [0x00000000b8a00000, 0x00000000b9f00000, 0x00000000c3000000)
  object space 21504K, 68% used [0x00000000b8a00000,0x00000000b985bfe8,0x00000000b9f00000)
Event: 7,538 GC heap after
Heap after GC invocations=8 (full 0):
 PSYoungGen      total 69120K, used 4041K [0x00000000eba80000, 0x00000000f0380000, 0x0000000100000000)
  eden space 63488K, 0% used [0x00000000eba80000,0x00000000eba80000,0x00000000ef880000)
  from space 5632K, 71% used [0x00000000efe00000,0x00000000f01f2780,0x00000000f0380000)
  to   space 5632K, 0% used [0x00000000ef880000,0x00000000ef880000,0x00000000efe00000)
 ParOldGen       total 41472K, used 11127K [0x00000000c3000000, 0x00000000c5880000, 0x00000000eba80000)
  object space 41472K, 26% used [0x00000000c3000000,0x00000000c3addca8,0x00000000c5880000)
 PSPermGen       total 21504K, used 14703K [0x00000000b8a00000, 0x00000000b9f00000, 0x00000000c3000000)
  object space 21504K, 68% used [0x00000000b8a00000,0x00000000b985bfe8,0x00000000b9f00000)
}
Event: 42,071 GC heap before
{Heap before GC invocations=9 (full 0):
 PSYoungGen      total 69120K, used 67529K [0x00000000eba80000, 0x00000000f0380000, 0x0000000100000000)
  eden space 63488K, 100% used [0x00000000eba80000,0x00000000ef880000,0x00000000ef880000)
  from space 5632K, 71% used [0x00000000efe00000,0x00000000f01f2780,0x00000000f0380000)
  to   space 5632K, 0% used [0x00000000ef880000,0x00000000ef880000,0x00000000efe00000)
 ParOldGen       total 41472K, used 11127K [0x00000000c3000000, 0x00000000c5880000, 0x00000000eba80000)
  object space 41472K, 26% used [0x00000000c3000000,0x00000000c3addca8,0x00000000c5880000)
 PSPermGen       total 21504K, used 17462K [0x00000000b8a00000, 0x00000000b9f00000, 0x00000000c3000000)
  object space 21504K, 81% used [0x00000000b8a00000,0x00000000b9b0d988,0x00000000b9f00000)

