# JRE version: OpenJDK Runtime Environment (7.0_79-b14) (build 1.7.0_79-b14)
# Java VM: OpenJDK 64-Bit Server VM (24.79-b02 mixed mode linux-amd64 compressed oops)
Heap
 PSYoungGen      total 134656K, used 9195K [0x00000000eba80000, 0x00000000f4780000, 0x0000000100000000)
  eden space 125440K, 0% used [0x00000000eba80000,0x00000000eba80000,0x00000000f3500000)
  from space 9216K, 99% used [0x00000000f3500000,0x00000000f3dfaee8,0x00000000f3e00000)
  to   space 8704K, 0% used [0x00000000f3e00000,0x00000000f3e00000,0x00000000f4680000)
 ParOldGen       total 41472K, used 17368K [0x00000000c3000000, 0x00000000c5880000, 0x00000000eba80000)
  object space 41472K, 41% used [0x00000000c3000000,0x00000000c40f62d0,0x00000000c5880000)
 PSPermGen       total 21504K, used 20357K [0x00000000b8a00000, 0x00000000b9f00000, 0x00000000c3000000)
  object space 21504K, 94% used [0x00000000b8a00000,0x00000000b9de1578,0x00000000b9f00000)
GC Heap History (10 events):
Event: 6,224 GC heap after
Heap after GC invocations=4 (full 0):
 PSYoungGen      total 34304K, used 2560K [0x00000000eba80000, 0x00000000ede80000, 0x0000000100000000)
  eden space 31744K, 0% used [0x00000000eba80000,0x00000000eba80000,0x00000000ed980000)
  from space 2560K, 100% used [0x00000000edc00000,0x00000000ede80000,0x00000000ede80000)
  to   space 2560K, 0% used [0x00000000ed980000,0x00000000ed980000,0x00000000edc00000)
 ParOldGen       total 41472K, used 6654K [0x00000000c3000000, 0x00000000c5880000, 0x00000000eba80000)
  object space 41472K, 16% used [0x00000000c3000000,0x00000000c367fbc0,0x00000000c5880000)
 PSPermGen       total 21504K, used 13280K [0x00000000b8a00000, 0x00000000b9f00000, 0x00000000c3000000)
  object space 21504K, 61% used [0x00000000b8a00000,0x00000000b96f82d8,0x00000000b9f00000)
}
Event: 6,753 GC heap before
{Heap before GC invocations=5 (full 0):
 PSYoungGen      total 34304K, used 34304K [0x00000000eba80000, 0x00000000ede80000, 0x0000000100000000)
  eden space 31744K, 100% used [0x00000000eba80000,0x00000000ed980000,0x00000000ed980000)
  from space 2560K, 100% used [0x00000000edc00000,0x00000000ede80000,0x00000000ede80000)
  to   space 2560K, 0% used [0x00000000ed980000,0x00000000ed980000,0x00000000edc00000)
 ParOldGen       total 41472K, used 6654K [0x00000000c3000000, 0x00000000c5880000, 0x00000000eba80000)
  object space 41472K, 16% used [0x00000000c3000000,0x00000000c367fbc0,0x00000000c5880000)
 PSPermGen       total 21504K, used 13492K [0x00000000b8a00000, 0x00000000b9f00000, 0x00000000c3000000)
  object space 21504K, 62% used [0x00000000b8a00000,0x00000000b972d378,0x00000000b9f00000)
Event: 6,771 GC heap after
Heap after GC invocations=5 (full 0):
 PSYoungGen      total 34304K, used 2544K [0x00000000eba80000, 0x00000000f0580000, 0x0000000100000000)
  eden space 31744K, 0% used [0x00000000eba80000,0x00000000eba80000,0x00000000ed980000)
  from space 2560K, 99% used [0x00000000ed980000,0x00000000edbfc010,0x00000000edc00000)
  to   space 6656K, 0% used [0x00000000eff00000,0x00000000eff00000,0x00000000f0580000)
 ParOldGen       total 41472K, used 9760K [0x00000000c3000000, 0x00000000c5880000, 0x00000000eba80000)
  object space 41472K, 23% used [0x00000000c3000000,0x00000000c39880e0,0x00000000c5880000)
 PSPermGen       total 21504K, used 13492K [0x00000000b8a00000, 0x00000000b9f00000, 0x00000000c3000000)
  object space 21504K, 62% used [0x00000000b8a00000,0x00000000b972d378,0x00000000b9f00000)
}
Event: 7,155 GC heap before
{Heap before GC invocations=6 (full 0):
 PSYoungGen      total 34304K, used 34288K [0x00000000eba80000, 0x00000000f0580000, 0x0000000100000000)
  eden space 31744K, 100% used [0x00000000eba80000,0x00000000ed980000,0x00000000ed980000)
  from space 2560K, 99% used [0x00000000ed980000,0x00000000edbfc010,0x00000000edc00000)
  to   space 6656K, 0% used [0x00000000eff00000,0x00000000eff00000,0x00000000f0580000)
 ParOldGen       total 41472K, used 9760K [0x00000000c3000000, 0x00000000c5880000, 0x00000000eba80000)
  object space 41472K, 23% used [0x00000000c3000000,0x00000000c39880e0,0x00000000c5880000)
 PSPermGen       total 21504K, used 13699K [0x00000000b8a00000, 0x00000000b9f00000, 0x00000000c3000000)
  object space 21504K, 63% used [0x00000000b8a00000,0x00000000b9760e30,0x00000000b9f00000)
Event: 7,169 GC heap after
Heap after GC invocations=6 (full 0):
 PSYoungGen      total 69632K, used 5511K [0x00000000eba80000, 0x00000000f0680000, 0x0000000100000000)
  eden space 62976K, 0% used [0x00000000eba80000,0x00000000eba80000,0x00000000ef800000)
  from space 6656K, 82% used [0x00000000eff00000,0x00000000f0461e50,0x00000000f0580000)
  to   space 7168K, 0% used [0x00000000ef800000,0x00000000ef800000,0x00000000eff00000)
 ParOldGen       total 41472K, used 9768K [0x00000000c3000000, 0x00000000c5880000, 0x00000000eba80000)
  object space 41472K, 23% used [0x00000000c3000000,0x00000000c398a0e0,0x00000000c5880000)
 PSPermGen       total 21504K, used 13699K [0x00000000b8a00000, 0x00000000b9f00000, 0x00000000c3000000)
  object space 21504K, 63% used [0x00000000b8a00000,0x00000000b9760e30,0x00000000b9f00000)
}
Event: 10,593 GC heap before
{Heap before GC invocations=7 (full 0):
 PSYoungGen      total 69632K, used 68487K [0x00000000eba80000, 0x00000000f0680000, 0x0000000100000000)
  eden space 62976K, 100% used [0x00000000eba80000,0x00000000ef800000,0x00000000ef800000)
  from space 6656K, 82% used [0x00000000eff00000,0x00000000f0461e50,0x00000000f0580000)
  to   space 7168K, 0% used [0x00000000ef800000,0x00000000ef800000,0x00000000eff00000)
 ParOldGen       total 41472K, used 9768K [0x00000000c3000000, 0x00000000c5880000, 0x00000000eba80000)
  object space 41472K, 23% used [0x00000000c3000000,0x00000000c398a0e0,0x00000000c5880000)
 PSPermGen       total 21504K, used 16017K [0x00000000b8a00000, 0x00000000b9f00000, 0x00000000c3000000)
  object space 21504K, 74% used [0x00000000b8a00000,0x00000000b99a4560,0x00000000b9f00000)
Event: 10,613 GC heap after
Heap after GC invocations=7 (full 0):
 PSYoungGen      total 70144K, used 7136K [0x00000000eba80000, 0x00000000f4680000, 0x0000000100000000)
  eden space 62976K, 0% used [0x00000000eba80000,0x00000000eba80000,0x00000000ef800000)
  from space 7168K, 99% used [0x00000000ef800000,0x00000000efef8148,0x00000000eff00000)
  to   space 8704K, 0% used [0x00000000f3e00000,0x00000000f3e00000,0x00000000f4680000)
 ParOldGen       total 41472K, used 11326K [0x00000000c3000000, 0x00000000c5880000, 0x00000000eba80000)
  object space 41472K, 27% used [0x00000000c3000000,0x00000000c3b0f8c0,0x00000000c5880000)
 PSPermGen       total 21504K, used 16017K [0x00000000b8a00000, 0x00000000b9f00000, 0x00000000c3000000)
  object space 21504K, 74% used [0x00000000b8a00000,0x00000000b99a4560,0x00000000b9f00000)
}
Event: 23,480 GC heap before
{Heap before GC invocations=8 (full 0):
 PSYoungGen      total 70144K, used 70112K [0x00000000eba80000, 0x00000000f4680000, 0x0000000100000000)
  eden space 62976K, 100% used [0x00000000eba80000,0x00000000ef800000,0x00000000ef800000)
  from space 7168K, 99% used [0x00000000ef800000,0x00000000efef8148,0x00000000eff00000)
  to   space 8704K, 0% used [0x00000000f3e00000,0x00000000f3e00000,0x00000000f4680000)
 ParOldGen       total 41472K, used 11326K [0x00000000c3000000, 0x00000000c5880000, 0x00000000eba80000)
  object space 41472K, 27% used [0x00000000c3000000,0x00000000c3b0f8c0,0x00000000c5880000)
 PSPermGen       total 21504K, used 17973K [0x00000000b8a00000, 0x00000000b9f00000, 0x00000000c3000000)
  object space 21504K, 83% used [0x00000000b8a00000,0x00000000b9b8d4b0,0x00000000b9f00000)
Event: 23,557 GC heap after
Heap after GC invocations=8 (full 0):
 PSYoungGen      total 134144K, used 7586K [0x00000000eba80000, 0x00000000f4780000, 0x0000000100000000)
  eden space 125440K, 0% used [0x00000000eba80000,0x00000000eba80000,0x00000000f3500000)
  from space 8704K, 87% used [0x00000000f3e00000,0x00000000f45688c8,0x00000000f4680000)
  to   space 9216K, 0% used [0x00000000f3500000,0x00000000f3500000,0x00000000f3e00000)
 ParOldGen       total 41472K, used 12038K [0x00000000c3000000, 0x00000000c5880000, 0x00000000eba80000)
  object space 41472K, 29% used [0x00000000c3000000,0x00000000c3bc1910,0x00000000c5880000)
 PSPermGen       total 21504K, used 17973K [0x00000000b8a00000, 0x00000000b9f00000, 0x00000000c3000000)
  object space 21504K, 83% used [0x00000000b8a00000,0x00000000b9b8d4b0,0x00000000b9f00000)
}
Event: 88,904 GC heap before
{Heap before GC invocations=9 (full 0):
 PSYoungGen      total 134144K, used 133026K [0x00000000eba80000, 0x00000000f4780000, 0x0000000100000000)
  eden space 125440K, 100% used [0x00000000eba80000,0x00000000f3500000,0x00000000f3500000)
  from space 8704K, 87% used [0x00000000f3e00000,0x00000000f45688c8,0x00000000f4680000)
  to   space 9216K, 0% used [0x00000000f3500000,0x00000000f3500000,0x00000000f3e00000)
 ParOldGen       total 41472K, used 12038K [0x00000000c3000000, 0x00000000c5880000, 0x00000000eba80000)
  object space 41472K, 29% used [0x00000000c3000000,0x00000000c3bc1910,0x00000000c5880000)
 PSPermGen       total 21504K, used 20357K [0x00000000b8a00000, 0x00000000b9f00000, 0x00000000c3000000)
  object space 21504K, 94% used [0x00000000b8a00000,0x00000000b9de1578,0x00000000b9f00000)

